\BOOKMARK [1][-]{section.1}{Elementary Math}{}% 1
\BOOKMARK [1][-]{section.2}{Linear Algebra}{}% 2
\BOOKMARK [1][-]{section.3}{Single-valued Real Analysis}{}% 3
\BOOKMARK [1][-]{section.4}{Mechanics}{}% 4
\BOOKMARK [1][-]{section.5}{Thermodynamics}{}% 5
\BOOKMARK [1][-]{section.6}{Logic}{}% 6
\BOOKMARK [1][-]{section.7}{Algorithms and Computations}{}% 7
\BOOKMARK [1][-]{section.8}{Multi-valued Analysis}{}% 8
\BOOKMARK [1][-]{section.9}{Numerical Analysis}{}% 9
\BOOKMARK [1][-]{section.10}{Algebra}{}% 10
\BOOKMARK [2][-]{subsection.10.1}{Group Theory}{section.10}% 11
\BOOKMARK [1][-]{section.11}{Geometry}{}% 12
\BOOKMARK [1][-]{section.12}{Probability}{}% 13
\BOOKMARK [1][-]{section.13}{Dynamical Systems}{}% 14
\BOOKMARK [1][-]{section.14}{Electromagnetism}{}% 15
\BOOKMARK [1][-]{section.15}{Fluid Dynamics}{}% 16
\BOOKMARK [1][-]{section.16}{Wave Mechanics}{}% 17
\BOOKMARK [1][-]{section.17}{Complex Analysis}{}% 18
\BOOKMARK [1][-]{section.18}{Numerical Analysis for \(Partial\) Differential Equations}{}% 19
\BOOKMARK [1][-]{section.19}{Stochastic Processes}{}% 20
\BOOKMARK [1][-]{section.20}{Differential Geometry}{}% 21
\BOOKMARK [1][-]{section.21}{Functional Analysis}{}% 22
\BOOKMARK [1][-]{section.22}{Stochastic Differential Equations}{}% 23
\BOOKMARK [1][-]{section.23}{Partial Differential Equations}{}% 24
\BOOKMARK [1][-]{section.24}{Advanced Numerical Analysis}{}% 25
\BOOKMARK [1][-]{section.25}{Analytical Mechanics}{}% 26
\BOOKMARK [1][-]{section.26}{Quantum Mechanics}{}% 27
\BOOKMARK [1][-]{section.27}{Statistical Mechanics}{}% 28
\BOOKMARK [1][-]{section.28}{Solid State Physics}{}% 29
\BOOKMARK [1][-]{section.29}{Nuclear Physics}{}% 30
\BOOKMARK [1][-]{section.30}{Mathematical tools for Physics}{}% 31
\BOOKMARK [1][-]{section.31}{Advanced Quantum Theory}{}% 32
\BOOKMARK [1][-]{section.32}{Quantum Field Theory}{}% 33
\BOOKMARK [1][-]{section.33}{Advanced Quantum Field Theory}{}% 34
